# JRE version: OpenJDK Runtime Environment (14.0.1+7) (build 14.0.1+7)
# Java VM: OpenJDK 64-Bit Server VM (14.0.1+7, mixed mode, sharing, tiered, compressed oops, g1 gc, windows-amd64)
Heap:
 garbage-first heap   total 103424K, used 38872K [0x0000000703600000, 0x0000000800000000)
  region size 1024K, 14 young (14336K), 6 survivors (6144K)
 Metaspace       used 62125K, capacity 64020K, committed 64176K, reserved 1103872K
  class space    used 8649K, capacity 9369K, committed 9472K, reserved 1048576K
GC Heap History (20 events):
Event: 1.652 GC heap before
{Heap before GC invocations=2 (full 0):
 garbage-first heap   total 260096K, used 161584K [0x0000000703600000, 0x0000000800000000)
  region size 1024K, 152 young (155648K), 2 survivors (2048K)
 Metaspace       used 18526K, capacity 19207K, committed 19456K, reserved 1067008K
  class space    used 2539K, capacity 2791K, committed 2816K, reserved 1048576K
}
Event: 1.657 GC heap after
{Heap after GC invocations=3 (full 0):
 garbage-first heap   total 260096K, used 12311K [0x0000000703600000, 0x0000000800000000)
  region size 1024K, 5 young (5120K), 5 survivors (5120K)
 Metaspace       used 18526K, capacity 19207K, committed 19456K, reserved 1067008K
  class space    used 2539K, capacity 2791K, committed 2816K, reserved 1048576K
}
Event: 2.334 GC heap before
{Heap before GC invocations=3 (full 0):
 garbage-first heap   total 260096K, used 160791K [0x0000000703600000, 0x0000000800000000)
  region size 1024K, 151 young (154624K), 5 survivors (5120K)
 Metaspace       used 20400K, capacity 21138K, committed 21296K, reserved 1067008K
  class space    used 2823K, capacity 3127K, committed 3200K, reserved 1048576K
}
Event: 2.340 GC heap after
{Heap after GC invocations=4 (full 0):
 garbage-first heap   total 260096K, used 13487K [0x0000000703600000, 0x0000000800000000)
  region size 1024K, 6 young (6144K), 6 survivors (6144K)
 Metaspace       used 20400K, capacity 21138K, committed 21296K, reserved 1067008K
  class space    used 2823K, capacity 3127K, committed 3200K, reserved 1048576K
}
Event: 2.804 GC heap before
{Heap before GC invocations=5 (full 0):
 garbage-first heap   total 51200K, used 38063K [0x0000000703600000, 0x0000000800000000)
  region size 1024K, 30 young (30720K), 6 survivors (6144K)
 Metaspace       used 22241K, capacity 23033K, committed 23216K, reserved 1069056K
  class space    used 3157K, capacity 3480K, committed 3584K, reserved 1048576K
}
Event: 2.817 GC heap after
{Heap after GC invocations=6 (full 0):
 garbage-first heap   total 155648K, used 14904K [0x0000000703600000, 0x0000000800000000)
  region size 1024K, 4 young (4096K), 4 survivors (4096K)
 Metaspace       used 22241K, capacity 23033K, committed 23216K, reserved 1069056K
  class space    used 3157K, capacity 3480K, committed 3584K, reserved 1048576K
}
Event: 3.724 GC heap before
{Heap before GC invocations=6 (full 0):
 garbage-first heap   total 155648K, used 102968K [0x0000000703600000, 0x0000000800000000)
  region size 1024K, 91 young (93184K), 4 survivors (4096K)
 Metaspace       used 27255K, capacity 28329K, committed 28464K, reserved 1073152K
  class space    used 3789K, capacity 4211K, committed 4224K, reserved 1048576K
}
Event: 3.734 GC heap after
{Heap after GC invocations=7 (full 0):
 garbage-first heap   total 155648K, used 17158K [0x0000000703600000, 0x0000000800000000)
  region size 1024K, 6 young (6144K), 6 survivors (6144K)
 Metaspace       used 27255K, capacity 28329K, committed 28464K, reserved 1073152K
  class space    used 3789K, capacity 4211K, committed 4224K, reserved 1048576K
}
Event: 4.338 GC heap before
{Heap before GC invocations=7 (full 0):
 garbage-first heap   total 155648K, used 79622K [0x0000000703600000, 0x0000000800000000)
  region size 1024K, 69 young (70656K), 6 survivors (6144K)
 Metaspace       used 34622K, capacity 35787K, committed 35888K, reserved 1079296K
  class space    used 4686K, capacity 5166K, committed 5248K, reserved 1048576K
}
Event: 4.344 GC heap after
{Heap after GC invocations=8 (full 0):
 garbage-first heap   total 155648K, used 20550K [0x0000000703600000, 0x0000000800000000)
  region size 1024K, 9 young (9216K), 9 survivors (9216K)
 Metaspace       used 34622K, capacity 35787K, committed 35888K, reserved 1079296K
  class space    used 4686K, capacity 5166K, committed 5248K, reserved 1048576K
}
Event: 4.714 GC heap before
{Heap before GC invocations=9 (full 0):
 garbage-first heap   total 86016K, used 61510K [0x0000000703600000, 0x0000000800000000)
  region size 1024K, 50 young (51200K), 9 survivors (9216K)
 Metaspace       used 40256K, capacity 41614K, committed 41904K, reserved 1085440K
  class space    used 5532K, capacity 6040K, committed 6144K, reserved 1048576K
}
Event: 4.722 GC heap after
{Heap after GC invocations=10 (full 0):
 garbage-first heap   total 86016K, used 22269K [0x0000000703600000, 0x0000000800000000)
  region size 1024K, 6 young (6144K), 6 survivors (6144K)
 Metaspace       used 40256K, capacity 41614K, committed 41904K, reserved 1085440K
  class space    used 5532K, capacity 6040K, committed 6144K, reserved 1048576K
}
Event: 5.111 GC heap before
{Heap before GC invocations=11 (full 0):
 garbage-first heap   total 86016K, used 67325K [0x0000000703600000, 0x0000000800000000)
  region size 1024K, 50 young (51200K), 6 survivors (6144K)
 Metaspace       used 46109K, capacity 47443K, committed 47664K, reserved 1089536K
  class space    used 6468K, capacity 6974K, committed 7040K, reserved 1048576K
}
Event: 5.116 GC heap after
{Heap after GC invocations=12 (full 0):
 garbage-first heap   total 103424K, used 23215K [0x0000000703600000, 0x0000000800000000)
  region size 1024K, 3 young (3072K), 3 survivors (3072K)
 Metaspace       used 46109K, capacity 47443K, committed 47664K, reserved 1089536K
  class space    used 6468K, capacity 6974K, committed 7040K, reserved 1048576K
}
Event: 5.673 GC heap before
{Heap before GC invocations=12 (full 0):
 garbage-first heap   total 103424K, used 81583K [0x0000000703600000, 0x0000000800000000)
  region size 1024K, 60 young (61440K), 3 survivors (3072K)
 Metaspace       used 51266K, capacity 52879K, committed 53168K, reserved 1095680K
  class space    used 7216K, capacity 7830K, committed 7936K, reserved 1048576K
}
Event: 5.678 GC heap after
{Heap after GC invocations=13 (full 0):
 garbage-first heap   total 103424K, used 26256K [0x0000000703600000, 0x0000000800000000)
  region size 1024K, 6 young (6144K), 6 survivors (6144K)
 Metaspace       used 51266K, capacity 52879K, committed 53168K, reserved 1095680K
  class space    used 7216K, capacity 7830K, committed 7936K, reserved 1048576K
}
Event: 6.778 GC heap before
{Heap before GC invocations=13 (full 0):
 garbage-first heap   total 103424K, used 81552K [0x0000000703600000, 0x0000000800000000)
  region size 1024K, 60 young (61440K), 6 survivors (6144K)
 Metaspace       used 56186K, capacity 57964K, committed 58160K, reserved 1099776K
  class space    used 7867K, capacity 8555K, committed 8576K, reserved 1048576K
}
Event: 6.784 GC heap after
{Heap after GC invocations=14 (full 0):
 garbage-first heap   total 103424K, used 28416K [0x0000000703600000, 0x0000000800000000)
  region size 1024K, 6 young (6144K), 6 survivors (6144K)
 Metaspace       used 56186K, capacity 57964K, committed 58160K, reserved 1099776K
  class space    used 7867K, capacity 8555K, committed 8576K, reserved 1048576K
}
Event: 28.554 GC heap before
{Heap before GC invocations=14 (full 0):
 garbage-first heap   total 103424K, used 80640K [0x0000000703600000, 0x0000000800000000)
  region size 1024K, 58 young (59392K), 6 survivors (6144K)
 Metaspace       used 61720K, capacity 63638K, committed 63792K, reserved 1103872K
  class space    used 8599K, capacity 9328K, committed 9344K, reserved 1048576K
}
Event: 28.560 GC heap after
{Heap after GC invocations=15 (full 0):
 garbage-first heap   total 103424K, used 31704K [0x0000000703600000, 0x0000000800000000)
  region size 1024K, 6 young (6144K), 6 survivors (6144K)
 Metaspace       used 61720K, capacity 63638K, committed 63792K, reserved 1103872K
  class space    used 8599K, capacity 9328K, committed 9344K, reserved 1048576K
}

